<?xml version="1.0" encoding="UTF-8"?>
<testsuite xmlns:xsi="http://www.w3.org/2001/XMLSchema-instance" xsi:noNamespaceSchemaLocation="https://maven.apache.org/surefire/maven-surefire-plugin/xsd/surefire-test-report.xsd" name="com.marionete.service.service.impl.AccountServiceImplTest" time="0.023" tests="2" errors="0" skipped="0" failures="0">
  <properties>
[...]
</properties>
  <testcase name="fetchUserDetails_GRPC_FAILURE" classname="com.marionete.service.service.impl.AccountServiceImplTest" time="0.004"/>
  <testcase name="fetchUserDetails_SUCCESS" classname="com.marionete.service.service.impl.AccountServiceImplTest" time="0.013"/>
</testsuite>